<?xml version="1.0" encoding="UTF-8"?>
<testng-results ignored="0" total="1" passed="1" failed="0" skipped="0">
  <reporter-output>
  </reporter-output>
  <suite started-at="2024-09-15T19:55:30 IST" name="Suite" finished-at="2024-09-15T19:55:30 IST" duration-ms="210">
    <groups>
    </groups>
    <test started-at="2024-09-15T19:55:30 IST" name="Test" finished-at="2024-09-15T19:55:30 IST" duration-ms="210">
      <class name="maventestNG.MavenTestNGExample">
        <test-method is-config="true" signature="myBeforeClass()[pri:0, instance:maventestNG.MavenTestNGExample@4d465b11]" started-at="2024-09-15T19:55:30 IST" name="myBeforeClass" finished-at="2024-09-15T19:55:30 IST" duration-ms="33" status="PASS">
          <reporter-output>
          </reporter-output>
        </test-method> <!-- myBeforeClass -->
        <test-method signature="myTest()[pri:0, instance:maventestNG.MavenTestNGExample@4d465b11]" started-at="2024-09-15T19:55:30 IST" name="myTest" finished-at="2024-09-15T19:55:30 IST" duration-ms="22" status="PASS">
          <reporter-output>
          </reporter-output>
        </test-method> <!-- myTest -->
        <test-method is-config="true" signature="myAfterClass()[pri:0, instance:maventestNG.MavenTestNGExample@4d465b11]" started-at="2024-09-15T19:55:30 IST" name="myAfterClass" finished-at="2024-09-15T19:55:30 IST" duration-ms="1" status="PASS">
          <reporter-output>
          </reporter-output>
        </test-method> <!-- myAfterClass -->
      </class> <!-- maventestNG.MavenTestNGExample -->
    </test> <!-- Test -->
  </suite> <!-- Suite -->
</testng-results>
